The following modules were not unloaded:
  (Use "module --force purge" to unload all):

  1) xalt/3.1.4
Traceback (most recent call last):
  File "/scratch/gautschi/alochab/conda_envs/e3/lib/python3.10/site-packages/transformers/utils/hub.py", line 478, in cached_files
    hf_hub_download(
  File "/scratch/gautschi/alochab/conda_envs/e3/lib/python3.10/site-packages/huggingface_hub/utils/_validators.py", line 106, in _inner_fn
    validate_repo_id(arg_value)
  File "/scratch/gautschi/alochab/conda_envs/e3/lib/python3.10/site-packages/huggingface_hub/utils/_validators.py", line 154, in validate_repo_id
    raise HFValidationError(
huggingface_hub.errors.HFValidationError: Repo id must be in the form 'repo_name' or 'namespace/repo_name': '../checkpoint/e3_1_5b_dGRPO_1.0_r_norm_dyn_clamp_2.0/global_step_480/actor/huggingface'. Use `repo_type` argument if needed.

During handling of the above exception, another exception occurred:

Traceback (most recent call last):
  File "/scratch/gautschi/alochab/conda_envs/e3/lib/python3.10/site-packages/transformers/configuration_utils.py", line 721, in _get_config_dict
    resolved_config_file = cached_file(
  File "/scratch/gautschi/alochab/conda_envs/e3/lib/python3.10/site-packages/transformers/utils/hub.py", line 321, in cached_file
    file = cached_files(path_or_repo_id=path_or_repo_id, filenames=[filename], **kwargs)
  File "/scratch/gautschi/alochab/conda_envs/e3/lib/python3.10/site-packages/transformers/utils/hub.py", line 530, in cached_files
    resolved_files = [
  File "/scratch/gautschi/alochab/conda_envs/e3/lib/python3.10/site-packages/transformers/utils/hub.py", line 531, in <listcomp>
    _get_cache_file_to_return(path_or_repo_id, filename, cache_dir, revision, repo_type)
  File "/scratch/gautschi/alochab/conda_envs/e3/lib/python3.10/site-packages/transformers/utils/hub.py", line 144, in _get_cache_file_to_return
    resolved_file = try_to_load_from_cache(
  File "/scratch/gautschi/alochab/conda_envs/e3/lib/python3.10/site-packages/huggingface_hub/utils/_validators.py", line 106, in _inner_fn
    validate_repo_id(arg_value)
  File "/scratch/gautschi/alochab/conda_envs/e3/lib/python3.10/site-packages/huggingface_hub/utils/_validators.py", line 154, in validate_repo_id
    raise HFValidationError(
huggingface_hub.errors.HFValidationError: Repo id must be in the form 'repo_name' or 'namespace/repo_name': '../checkpoint/e3_1_5b_dGRPO_1.0_r_norm_dyn_clamp_2.0/global_step_480/actor/huggingface'. Use `repo_type` argument if needed.

During handling of the above exception, another exception occurred:

Traceback (most recent call last):
  File "/scratch/gautschi/alochab/conda_envs/e3/lib/python3.10/runpy.py", line 196, in _run_module_as_main
    return _run_code(code, main_globals, None,
  File "/scratch/gautschi/alochab/conda_envs/e3/lib/python3.10/runpy.py", line 86, in _run_code
    exec(code, run_globals)
  File "/scratch/gautschi/alochab/E3-RL4LLMs/e3/main_infer.py", line 119, in <module>
    main(args)
  File "/scratch/gautschi/alochab/E3-RL4LLMs/e3/main_infer.py", line 8, in main
    llm = LLM(
  File "/scratch/gautschi/alochab/conda_envs/e3/lib/python3.10/site-packages/vllm/entrypoints/llm.py", line 297, in __init__
    self.llm_engine = LLMEngine.from_engine_args(
  File "/scratch/gautschi/alochab/conda_envs/e3/lib/python3.10/site-packages/vllm/v1/engine/llm_engine.py", line 169, in from_engine_args
    vllm_config = engine_args.create_engine_config(usage_context)
  File "/scratch/gautschi/alochab/conda_envs/e3/lib/python3.10/site-packages/vllm/engine/arg_utils.py", line 1135, in create_engine_config
    self.speculative_config) = maybe_override_with_speculators(
  File "/scratch/gautschi/alochab/conda_envs/e3/lib/python3.10/site-packages/vllm/transformers_utils/config.py", line 501, in maybe_override_with_speculators
    config_dict, _ = PretrainedConfig.get_config_dict(
  File "/scratch/gautschi/alochab/conda_envs/e3/lib/python3.10/site-packages/transformers/configuration_utils.py", line 662, in get_config_dict
    config_dict, kwargs = cls._get_config_dict(pretrained_model_name_or_path, **kwargs)
  File "/scratch/gautschi/alochab/conda_envs/e3/lib/python3.10/site-packages/transformers/configuration_utils.py", line 744, in _get_config_dict
    raise OSError(
OSError: Can't load the configuration of '../checkpoint/e3_1_5b_dGRPO_1.0_r_norm_dyn_clamp_2.0/global_step_480/actor/huggingface'. If you were trying to load it from 'https://huggingface.co/models', make sure you don't have a local directory with the same name. Otherwise, make sure '../checkpoint/e3_1_5b_dGRPO_1.0_r_norm_dyn_clamp_2.0/global_step_480/actor/huggingface' is the correct path to a directory containing a config.json file
Traceback (most recent call last):
  File "/scratch/gautschi/alochab/conda_envs/e3/lib/python3.10/site-packages/transformers/utils/hub.py", line 478, in cached_files
    hf_hub_download(
  File "/scratch/gautschi/alochab/conda_envs/e3/lib/python3.10/site-packages/huggingface_hub/utils/_validators.py", line 106, in _inner_fn
    validate_repo_id(arg_value)
  File "/scratch/gautschi/alochab/conda_envs/e3/lib/python3.10/site-packages/huggingface_hub/utils/_validators.py", line 154, in validate_repo_id
    raise HFValidationError(
huggingface_hub.errors.HFValidationError: Repo id must be in the form 'repo_name' or 'namespace/repo_name': '../checkpoint/e3_1_5b_dGRPO_1.0_r_norm_dyn_clamp_2.0/global_step_480/actor/huggingface'. Use `repo_type` argument if needed.

During handling of the above exception, another exception occurred:

Traceback (most recent call last):
  File "/scratch/gautschi/alochab/conda_envs/e3/lib/python3.10/site-packages/transformers/configuration_utils.py", line 721, in _get_config_dict
    resolved_config_file = cached_file(
  File "/scratch/gautschi/alochab/conda_envs/e3/lib/python3.10/site-packages/transformers/utils/hub.py", line 321, in cached_file
    file = cached_files(path_or_repo_id=path_or_repo_id, filenames=[filename], **kwargs)
  File "/scratch/gautschi/alochab/conda_envs/e3/lib/python3.10/site-packages/transformers/utils/hub.py", line 530, in cached_files
    resolved_files = [
  File "/scratch/gautschi/alochab/conda_envs/e3/lib/python3.10/site-packages/transformers/utils/hub.py", line 531, in <listcomp>
    _get_cache_file_to_return(path_or_repo_id, filename, cache_dir, revision, repo_type)
  File "/scratch/gautschi/alochab/conda_envs/e3/lib/python3.10/site-packages/transformers/utils/hub.py", line 144, in _get_cache_file_to_return
    resolved_file = try_to_load_from_cache(
  File "/scratch/gautschi/alochab/conda_envs/e3/lib/python3.10/site-packages/huggingface_hub/utils/_validators.py", line 106, in _inner_fn
    validate_repo_id(arg_value)
  File "/scratch/gautschi/alochab/conda_envs/e3/lib/python3.10/site-packages/huggingface_hub/utils/_validators.py", line 154, in validate_repo_id
    raise HFValidationError(
huggingface_hub.errors.HFValidationError: Repo id must be in the form 'repo_name' or 'namespace/repo_name': '../checkpoint/e3_1_5b_dGRPO_1.0_r_norm_dyn_clamp_2.0/global_step_480/actor/huggingface'. Use `repo_type` argument if needed.

During handling of the above exception, another exception occurred:

Traceback (most recent call last):
  File "/scratch/gautschi/alochab/conda_envs/e3/lib/python3.10/runpy.py", line 196, in _run_module_as_main
    return _run_code(code, main_globals, None,
  File "/scratch/gautschi/alochab/conda_envs/e3/lib/python3.10/runpy.py", line 86, in _run_code
    exec(code, run_globals)
  File "/scratch/gautschi/alochab/E3-RL4LLMs/e3/main_infer.py", line 119, in <module>
    main(args)
  File "/scratch/gautschi/alochab/E3-RL4LLMs/e3/main_infer.py", line 8, in main
    llm = LLM(
  File "/scratch/gautschi/alochab/conda_envs/e3/lib/python3.10/site-packages/vllm/entrypoints/llm.py", line 297, in __init__
    self.llm_engine = LLMEngine.from_engine_args(
  File "/scratch/gautschi/alochab/conda_envs/e3/lib/python3.10/site-packages/vllm/v1/engine/llm_engine.py", line 169, in from_engine_args
    vllm_config = engine_args.create_engine_config(usage_context)
  File "/scratch/gautschi/alochab/conda_envs/e3/lib/python3.10/site-packages/vllm/engine/arg_utils.py", line 1135, in create_engine_config
    self.speculative_config) = maybe_override_with_speculators(
  File "/scratch/gautschi/alochab/conda_envs/e3/lib/python3.10/site-packages/vllm/transformers_utils/config.py", line 501, in maybe_override_with_speculators
    config_dict, _ = PretrainedConfig.get_config_dict(
  File "/scratch/gautschi/alochab/conda_envs/e3/lib/python3.10/site-packages/transformers/configuration_utils.py", line 662, in get_config_dict
    config_dict, kwargs = cls._get_config_dict(pretrained_model_name_or_path, **kwargs)
  File "/scratch/gautschi/alochab/conda_envs/e3/lib/python3.10/site-packages/transformers/configuration_utils.py", line 744, in _get_config_dict
    raise OSError(
OSError: Can't load the configuration of '../checkpoint/e3_1_5b_dGRPO_1.0_r_norm_dyn_clamp_2.0/global_step_480/actor/huggingface'. If you were trying to load it from 'https://huggingface.co/models', make sure you don't have a local directory with the same name. Otherwise, make sure '../checkpoint/e3_1_5b_dGRPO_1.0_r_norm_dyn_clamp_2.0/global_step_480/actor/huggingface' is the correct path to a directory containing a config.json file
